<?xml version="1.0" encoding="UTF-8"?>
<!-- Generated by org.testng.reporters.JUnitReportReporter -->
<testsuite skipped="0" hostname="Satarupa" name="Ex_4" tests="3" failures="0" timestamp="2020-10-11T11:16:27 IST" time="52.962" errors="0">
  <testcase name="Setup" time="30.753" classname="Ex_4"/>
  <system-out/>
  <testcase name="TearDown" time="17.859" classname="Ex_4"/>
  <system-out/>
  <testcase name="Login" time="4.350" classname="Ex_4"/>
  <system-out/>
</testsuite> <!-- Ex_4 -->
