<?xml version="1.0" encoding="UTF-8"?>
<!-- Generated by org.testng.reporters.JUnitReportReporter -->
<testsuite skipped="0" hostname="Satarupa" name="Ex_4" tests="3" failures="0" timestamp="2020-10-11T08:03:14 IST" time="30.810" errors="0">
  <testcase name="Setup" time="24.059" classname="Ex_4"/>
  <system-out/>
  <testcase name="TearDown" time="0.720" classname="Ex_4"/>
  <system-out/>
  <testcase name="Login" time="6.031" classname="Ex_4"/>
  <system-out/>
</testsuite> <!-- Ex_4 -->
