<?xml version="1.0" encoding="UTF-8"?>
<!-- Generated by org.testng.reporters.JUnitReportReporter -->
<testsuite skipped="0" hostname="Satarupa" name="Ex_4" tests="3" failures="0" timestamp="2020-10-11T11:42:24 IST" time="10.049" errors="0">
  <testcase name="Setup" time="8.476" classname="Ex_4"/>
  <system-out/>
  <testcase name="Login" time="0.835" classname="Ex_4"/>
  <system-out/>
  <testcase name="TearDown" time="0.738" classname="Ex_4"/>
  <system-out/>
</testsuite> <!-- Ex_4 -->
