<?xml version="1.0" encoding="UTF-8"?>
<!-- Generated by org.testng.reporters.JUnitReportReporter -->
<testsuite skipped="0" hostname="Satarupa" name="Ex_4" tests="3" failures="0" timestamp="2020-10-11T13:03:39 IST" time="72.437" errors="0">
  <testcase name="Setup" time="63.518" classname="Ex_4"/>
  <system-out/>
  <testcase name="TearDown" time="2.175" classname="Ex_4"/>
  <system-out/>
  <testcase name="Login" time="6.744" classname="Ex_4"/>
  <system-out/>
</testsuite> <!-- Ex_4 -->
