<?xml version="1.0" encoding="UTF-8"?>
<!-- Generated by org.testng.reporters.JUnitReportReporter -->
<testsuite skipped="0" hostname="Satarupa" name="Ex_5" tests="1" failures="0" timestamp="2020-10-11T13:03:39 IST" time="0.017" errors="0">
  <testcase name="Login" time="0.017" classname="Ex_5"/>
  <system-out/>
</testsuite> <!-- Ex_5 -->
